#
# A fatal error has been detected by the Java Runtime Environment:
#
#  SIGSEGV (0xb) at pc=0x000000012036ee43, pid=7649, tid=49427
#
# JRE version: Java(TM) SE Runtime Environment (8.0_73-b02) (build 1.8.0_73-b02)
# Java VM: Java HotSpot(TM) 64-Bit Server VM (25.73-b02 mixed mode bsd-amd64 compressed oops)
# Problematic frame:
# C  [libawt_lwawt.dylib+0x1ae43]  OGLSD_SetScratchSurface+0x49
#
# Failed to write core dump. Core dumps have been disabled. To enable core dumping, try "ulimit -c unlimited" before starting Java again
#
# If you would like to submit a bug report, please visit:
#   http://bugreport.java.com/bugreport/crash.jsp
# The crash happened outside the Java Virtual Machine in native code.
# See problematic frame for where to report the bug.
#

---------------  T H R E A D  ---------------

Current thread (0x00007fb07a89b000):  JavaThread "Java2D Queue Flusher" daemon [_thread_in_native, id=49427, stack(0x00007000012d6000,0x00007000013d6000)]

siginfo: si_signo: 11 (SIGSEGV), si_code: 1 (SEGV_MAPERR), si_addr: 0x0000000000000002

Registers:
RAX=0x00000000ffffffff, RBX=0x0000000000000002, RCX=0x0000000000000047, RDX=0x000000012038f8ec
RSP=0x00007000013d57c0, RBP=0x00007000013d57e0, RSI=0x00007fb0796338b0, RDI=0x00007fb07a89b1f8
R8 =0x00000000fffffffc, R9 =0x00007fb079632940, R10=0x000000010947b938, R11=0x00000000e80056df
R12=0x0000000000000000, R13=0x00007000013d58e8, R14=0x00007fb07a89b1f8, R15=0x00007fb07a89b000
RIP=0x000000012036ee43, EFLAGS=0x0000000000010202, ERR=0x0000000000000004
  TRAPNO=0x000000000000000e

Top of Stack: (sp=0x00007000013d57c0)
0x00007000013d57c0:   00007fb0796338b0 0000000000000000
0x00007000013d57d0:   00007fb07b215010 00007fb07a89b000
0x00007000013d57e0:   00007000013d5860 000000012038f3ca
0x00007000013d57f0:   0000000000000064 0000000000000000
0x00007000013d5800:   0000000000000064 00007fb079632278
0x00007000013d5810:   00007000013d5870 000000010834c724
0x00007000013d5820:   00007fb000000005 00007fb07b215020
0x00007000013d5830:   0000000000000001 00007fb07a89b1f8
0x00007000013d5840:   000000011d41e578 0000000000000000
0x00007000013d5850:   00007000013d5968 00007fb07a89b000
0x00007000013d5860:   00007000013d58b0 000000010947b9aa
0x00007000013d5870:   000000074002b6e0 000000010939d9a8
0x00007000013d5880:   000000074000c980 000000010941c8a6
0x00007000013d5890:   000000074000c980 000000011d41eba0
0x00007000013d58a0:   ffffffffffffffff 0000000000000202
0x00007000013d58b0:   000000074002b6e0 000000010946b570
0x00007000013d58c0:   00007000013d5940 0000000108f94c4d
0x00007000013d58d0:   00007000013d5940 0000000108f94c4d
0x00007000013d58e0:   0000000108f94c4d 000000074002b6e0
0x00007000013d58f0:   0000000000000001 000000074000c980
0x00007000013d5900:   00007000013d58f0 000000011d421dc1
0x00007000013d5910:   00007000013d5968 000000011d422648
0x00007000013d5920:   0000000000000000 000000011d421ec8
0x00007000013d5930:   00007000013d58e8 00007000013d5968
0x00007000013d5940:   00007000013d59d0 0000000108f8d7a7
0x00007000013d5950:   0000000000000000 0000000000000000
0x00007000013d5960:   0000000000000000 000000074000c980
0x00007000013d5970:   0000700000001fa0 000000000000000a
0x00007000013d5980:   00007fb07a89b000 0000000000000001
0x00007000013d5990:   0000000108f8d71f 000000011d421ec8
0x00007000013d59a0:   00007000013d5a68 00007000013d5d00
0x00007000013d59b0:   000000010000000a 000000011d421ec8 

Instructions: (pc=0x000000012036ee43)
0x000000012036ee23:   c0 e9 82 00 00 00 48 8b 5e 10 48 85 db 75 0e bf
0x000000012036ee33:   01 00 00 00 48 8d 15 fd 75 03 00 eb d6 49 89 fe
0x000000012036ee43:   4c 8b 3b 30 c0 e8 c5 a2 02 00 49 8b 3f 49 89 c4
0x000000012036ee53:   48 8b 35 a6 f7 05 00 30 c0 e8 cb a3 02 00 48 85 

Register to memory mapping:

RAX=0x00000000ffffffff is an unknown value
RBX=0x0000000000000002 is an unknown value
RCX=0x0000000000000047 is an unknown value
RDX=0x000000012038f8ec: Java_sun_java2d_opengl_OGLRenderQueue_flushBuffer+0xb5c in /Library/Java/JavaVirtualMachines/jdk1.8.0_73.jdk/Contents/Home/jre/lib/libawt_lwawt.dylib at 0x0000000120354000
RSP=0x00007000013d57c0 is pointing into the stack for thread: 0x00007fb07a89b000
RBP=0x00007000013d57e0 is pointing into the stack for thread: 0x00007fb07a89b000
RSI=0x00007fb0796338b0 is an unknown value
RDI=0x00007fb07a89b1f8 is an unknown value
R8 =0x00000000fffffffc is an unknown value
R9 =0x00007fb079632940 is an unknown value
R10=0x000000010947b938 is at entry_point+56 in (nmethod*)0x000000010947b790
R11=0x00000000e80056df is an unknown value
R12=0x0000000000000000 is an unknown value
R13=0x00007000013d58e8 is pointing into the stack for thread: 0x00007fb07a89b000
R14=0x00007fb07a89b1f8 is an unknown value
R15=0x00007fb07a89b000 is a thread


Stack: [0x00007000012d6000,0x00007000013d6000],  sp=0x00007000013d57c0,  free space=1021k
Native frames: (J=compiled Java code, j=interpreted, Vv=VM code, C=native code)
C  [libawt_lwawt.dylib+0x1ae43]  OGLSD_SetScratchSurface+0x49
C  [libawt_lwawt.dylib+0x3b3ca]  Java_sun_java2d_opengl_OGLRenderQueue_flushBuffer+0x63a
J 1508  sun.java2d.opengl.OGLRenderQueue.flushBuffer(JI)V (0 bytes) @ 0x000000010947b9aa [0x000000010947b900+0xaa]
J 2602 C2 sun.java2d.opengl.OGLRenderQueue.access$100(Lsun/java2d/opengl/OGLRenderQueue;)V (5 bytes) @ 0x000000010946b570 [0x000000010946b540+0x30]
j  sun.java2d.opengl.OGLRenderQueue$QueueFlusher.run()V+81
v  ~StubRoutines::call_stub
V  [libjvm.dylib+0x2eae7a]
V  [libjvm.dylib+0x2eb608]
V  [libjvm.dylib+0x2eb7b4]
V  [libjvm.dylib+0x345d31]
V  [libjvm.dylib+0x561753]
V  [libjvm.dylib+0x562e4e]
V  [libjvm.dylib+0x4838a2]
C  [libsystem_pthread.dylib+0x3c13]  _pthread_body+0x83
C  [libsystem_pthread.dylib+0x3b90]  _pthread_body+0x0
C  [libsystem_pthread.dylib+0x1375]  thread_start+0xd
C  0x0000000000000000

Java frames: (J=compiled Java code, j=interpreted, Vv=VM code)
J 1508  sun.java2d.opengl.OGLRenderQueue.flushBuffer(JI)V (0 bytes) @ 0x000000010947b938 [0x000000010947b900+0x38]
J 2602 C2 sun.java2d.opengl.OGLRenderQueue.access$100(Lsun/java2d/opengl/OGLRenderQueue;)V (5 bytes) @ 0x000000010946b570 [0x000000010946b540+0x30]
j  sun.java2d.opengl.OGLRenderQueue$QueueFlusher.run()V+81
v  ~StubRoutines::call_stub

---------------  P R O C E S S  ---------------

Java Threads: ( => current thread )
  0x00007fb07a8e1800 JavaThread "AWT-EventQueue-0" [_thread_blocked, id=56583, stack(0x000070000155f000,0x000070000165f000)]
  0x00007fb07b233000 JavaThread "Java2D Disposer" daemon [_thread_blocked, id=51227, stack(0x00007000013d9000,0x00007000014d9000)]
=>0x00007fb07a89b000 JavaThread "Java2D Queue Flusher" daemon [_thread_in_native, id=49427, stack(0x00007000012d6000,0x00007000013d6000)]
  0x00007fb07a055000 JavaThread "AWT-Shutdown" [_thread_blocked, id=29203, stack(0x00007000010cd000,0x00007000011cd000)]
  0x00007fb079a1c000 JavaThread "AppKit Thread" daemon [_thread_in_native, id=2571, stack(0x00007fff57f93000,0x00007fff58793000)]
  0x00007fb07a83b000 JavaThread "Service Thread" daemon [_thread_blocked, id=18691, stack(0x0000700000e44000,0x0000700000f44000)]
  0x00007fb07b09b800 JavaThread "C1 CompilerThread2" daemon [_thread_blocked, id=18179, stack(0x0000700000d41000,0x0000700000e41000)]
  0x00007fb07b052000 JavaThread "C2 CompilerThread1" daemon [_thread_blocked, id=17667, stack(0x0000700000c3e000,0x0000700000d3e000)]
  0x00007fb07b051800 JavaThread "C2 CompilerThread0" daemon [_thread_blocked, id=17155, stack(0x0000700000b3b000,0x0000700000c3b000)]
  0x00007fb07984c800 JavaThread "Signal Dispatcher" daemon [_thread_blocked, id=12815, stack(0x0000700000a38000,0x0000700000b38000)]
  0x00007fb07984b800 JavaThread "Finalizer" daemon [_thread_blocked, id=12291, stack(0x000070000082f000,0x000070000092f000)]
  0x00007fb07a812800 JavaThread "Reference Handler" daemon [_thread_blocked, id=11779, stack(0x000070000072c000,0x000070000082c000)]
  0x00007fb07b006800 JavaThread "main" [_thread_in_Java, id=5891, stack(0x000070000011a000,0x000070000021a000)]

Other Threads:
  0x00007fb07a002000 VMThread [stack: 0x0000700000629000,0x0000700000729000] [id=11267]
  0x00007fb07b047000 WatcherThread [stack: 0x0000700000f47000,0x0000700001047000] [id=19203]

VM state:not at safepoint (normal execution)

VM Mutex/Monitor currently owned by a thread: None

Heap:
 PSYoungGen      total 24576K, used 5518K [0x0000000795580000, 0x0000000796f00000, 0x00000007c0000000)
  eden space 23040K, 23% used [0x0000000795580000,0x0000000795ae39b8,0x0000000796c00000)
  from space 1536K, 0% used [0x0000000796c00000,0x0000000796c00000,0x0000000796d80000)
  to   space 1536K, 0% used [0x0000000796d80000,0x0000000796d80000,0x0000000796f00000)
 ParOldGen       total 40448K, used 7098K [0x0000000740000000, 0x0000000742780000, 0x0000000795580000)
  object space 40448K, 17% used [0x0000000740000000,0x00000007406ee8a0,0x0000000742780000)
 Metaspace       used 13127K, capacity 13346K, committed 13568K, reserved 1060864K
  class space    used 1440K, capacity 1518K, committed 1536K, reserved 1048576K

Card table byte_map: [0x000000011834d000,0x000000011874e000] byte_map_base: 0x000000011494d000

Marking Bits: (ParMarkBitMap*) 0x00000001088e3ea0
 Begin Bits: [0x00000001189f9000, 0x000000011a9f9000)
 End Bits:   [0x000000011a9f9000, 0x000000011c9f9000)

Polling page: 0x0000000107730000

CodeCache: size=245760Kb used=8008Kb max_used=8036Kb free=237751Kb
 bounds [0x0000000108f8d000, 0x000000010978d000, 0x0000000117f8d000]
 total_blobs=2787 nmethods=2234 adapters=466
 compilation: enabled

Compilation events (10 events):
Event: 672.999 Thread 0x00007fb07b051800 2851       4       sun.util.locale.provider.LocaleProviderAdapter::getAdapter (171 bytes)
Event: 673.010 Thread 0x00007fb07b051800 nmethod 2851 0x00000001092b9090 code [0x00000001092b9280, 0x00000001092b9c68]
Event: 676.585 Thread 0x00007fb07b052000 2852       4       de.jannlab.generator.NetCoreGenerator::cells (158 bytes)
Event: 676.585 Thread 0x00007fb07b051800 2853       4       java.io.ObjectOutputStream$BlockDataOutputStream::write (33 bytes)
Event: 676.594 Thread 0x00007fb07b052000 nmethod 2852 0x00000001092e9550 code [0x00000001092e96e0, 0x00000001092e9cb8]
Event: 676.594 Thread 0x00007fb07b052000 2854   !   4       sun.reflect.GeneratedSerializationConstructorAccessor6::newInstance (49 bytes)
Event: 676.595 Thread 0x00007fb07b052000 nmethod 2854 0x0000000109768410 code [0x0000000109768560, 0x0000000109768698]
Event: 676.597 Thread 0x00007fb07b051800 nmethod 2853 0x00000001094771d0 code [0x0000000109477360, 0x0000000109477be8]
Event: 683.417 Thread 0x00007fb07b051800 2855       4       sun.awt.image.SunVolatileImage::getHeight (5 bytes)
Event: 683.418 Thread 0x00007fb07b051800 nmethod 2855 0x00000001092e6ad0 code [0x00000001092e6c20, 0x00000001092e6c78]

GC Heap History (10 events):
Event: 686.331 GC heap before
{Heap before GC invocations=2004 (full 0):
 PSYoungGen      total 24576K, used 23200K [0x0000000795580000, 0x0000000796f00000, 0x00000007c0000000)
  eden space 23040K, 100% used [0x0000000795580000,0x0000000796c00000,0x0000000796c00000)
  from space 1536K, 10% used [0x0000000796c00000,0x0000000796c28000,0x0000000796d80000)
  to   space 1536K, 0% used [0x0000000796d80000,0x0000000796d80000,0x0000000796f00000)
 ParOldGen       total 87552K, used 87332K [0x0000000740000000, 0x0000000745580000, 0x0000000795580000)
  object space 87552K, 99% used [0x0000000740000000,0x0000000745549300,0x0000000745580000)
 Metaspace       used 13127K, capacity 13346K, committed 13568K, reserved 1060864K
  class space    used 1440K, capacity 1518K, committed 1536K, reserved 1048576K
Event: 686.332 GC heap after
Heap after GC invocations=2004 (full 0):
 PSYoungGen      total 24576K, used 224K [0x0000000795580000, 0x0000000796f00000, 0x00000007c0000000)
  eden space 23040K, 0% used [0x0000000795580000,0x0000000795580000,0x0000000796c00000)
  from space 1536K, 14% used [0x0000000796d80000,0x0000000796db8000,0x0000000796f00000)
  to   space 1536K, 0% used [0x0000000796c00000,0x0000000796c00000,0x0000000796d80000)
 ParOldGen       total 87552K, used 87348K [0x0000000740000000, 0x0000000745580000, 0x0000000795580000)
  object space 87552K, 99% used [0x0000000740000000,0x000000074554d300,0x0000000745580000)
 Metaspace       used 13127K, capacity 13346K, committed 13568K, reserved 1060864K
  class space    used 1440K, capacity 1518K, committed 1536K, reserved 1048576K
}
Event: 686.576 GC heap before
{Heap before GC invocations=2005 (full 0):
 PSYoungGen      total 24576K, used 23264K [0x0000000795580000, 0x0000000796f00000, 0x00000007c0000000)
  eden space 23040K, 100% used [0x0000000795580000,0x0000000796c00000,0x0000000796c00000)
  from space 1536K, 14% used [0x0000000796d80000,0x0000000796db8000,0x0000000796f00000)
  to   space 1536K, 0% used [0x0000000796c00000,0x0000000796c00000,0x0000000796d80000)
 ParOldGen       total 87552K, used 87348K [0x0000000740000000, 0x0000000745580000, 0x0000000795580000)
  object space 87552K, 99% used [0x0000000740000000,0x000000074554d300,0x0000000745580000)
 Metaspace       used 13127K, capacity 13346K, committed 13568K, reserved 1060864K
  class space    used 1440K, capacity 1518K, committed 1536K, reserved 1048576K
Event: 686.577 GC heap after
Heap after GC invocations=2005 (full 0):
 PSYoungGen      total 24576K, used 896K [0x0000000795580000, 0x0000000796f00000, 0x00000007c0000000)
  eden space 23040K, 0% used [0x0000000795580000,0x0000000795580000,0x0000000796c00000)
  from space 1536K, 58% used [0x0000000796c00000,0x0000000796ce0000,0x0000000796d80000)
  to   space 1536K, 0% used [0x0000000796d80000,0x0000000796d80000,0x0000000796f00000)
 ParOldGen       total 87552K, used 87372K [0x0000000740000000, 0x0000000745580000, 0x0000000795580000)
  object space 87552K, 99% used [0x0000000740000000,0x0000000745553300,0x0000000745580000)
 Metaspace       used 13127K, capacity 13346K, committed 13568K, reserved 1060864K
  class space    used 1440K, capacity 1518K, committed 1536K, reserved 1048576K
}
Event: 686.765 GC heap before
{Heap before GC invocations=2006 (full 0):
 PSYoungGen      total 24576K, used 23936K [0x0000000795580000, 0x0000000796f00000, 0x00000007c0000000)
  eden space 23040K, 100% used [0x0000000795580000,0x0000000796c00000,0x0000000796c00000)
  from space 1536K, 58% used [0x0000000796c00000,0x0000000796ce0000,0x0000000796d80000)
  to   space 1536K, 0% used [0x0000000796d80000,0x0000000796d80000,0x0000000796f00000)
 ParOldGen       total 87552K, used 87372K [0x0000000740000000, 0x0000000745580000, 0x0000000795580000)
  object space 87552K, 99% used [0x0000000740000000,0x0000000745553300,0x0000000745580000)
 Metaspace       used 13127K, capacity 13346K, committed 13568K, reserved 1060864K
  class space    used 1440K, capacity 1518K, committed 1536K, reserved 1048576K
Event: 686.766 GC heap after
Heap after GC invocations=2006 (full 0):
 PSYoungGen      total 24576K, used 320K [0x0000000795580000, 0x0000000796f00000, 0x00000007c0000000)
  eden space 23040K, 0% used [0x0000000795580000,0x0000000795580000,0x0000000796c00000)
  from space 1536K, 20% used [0x0000000796d80000,0x0000000796dd0000,0x0000000796f00000)
  to   space 1536K, 0% used [0x0000000796c00000,0x0000000796c00000,0x0000000796d80000)
 ParOldGen       total 87552K, used 87388K [0x0000000740000000, 0x0000000745580000, 0x0000000795580000)
  object space 87552K, 99% used [0x0000000740000000,0x0000000745557300,0x0000000745580000)
 Metaspace       used 13127K, capacity 13346K, committed 13568K, reserved 1060864K
  class space    used 1440K, capacity 1518K, committed 1536K, reserved 1048576K
}
Event: 687.090 GC heap before
{Heap before GC invocations=2007 (full 0):
 PSYoungGen      total 24576K, used 23360K [0x0000000795580000, 0x0000000796f00000, 0x00000007c0000000)
  eden space 23040K, 100% used [0x0000000795580000,0x0000000796c00000,0x0000000796c00000)
  from space 1536K, 20% used [0x0000000796d80000,0x0000000796dd0000,0x0000000796f00000)
  to   space 1536K, 0% used [0x0000000796c00000,0x0000000796c00000,0x0000000796d80000)
 ParOldGen       total 87552K, used 87388K [0x0000000740000000, 0x0000000745580000, 0x0000000795580000)
  object space 87552K, 99% used [0x0000000740000000,0x0000000745557300,0x0000000745580000)
 Metaspace       used 13127K, capacity 13346K, committed 13568K, reserved 1060864K
  class space    used 1440K, capacity 1518K, committed 1536K, reserved 1048576K
Event: 687.091 GC heap after
Heap after GC invocations=2007 (full 0):
 PSYoungGen      total 24576K, used 160K [0x0000000795580000, 0x0000000796f00000, 0x00000007c0000000)
  eden space 23040K, 0% used [0x0000000795580000,0x0000000795580000,0x0000000796c00000)
  from space 1536K, 10% used [0x0000000796c00000,0x0000000796c28000,0x0000000796d80000)
  to   space 1536K, 0% used [0x0000000796d80000,0x0000000796d80000,0x0000000796f00000)
 ParOldGen       total 87552K, used 87452K [0x0000000740000000, 0x0000000745580000, 0x0000000795580000)
  object space 87552K, 99% used [0x0000000740000000,0x0000000745567300,0x0000000745580000)
 Metaspace       used 13127K, capacity 13346K, committed 13568K, reserved 1060864K
  class space    used 1440K, capacity 1518K, committed 1536K, reserved 1048576K
}
Event: 687.091 GC heap before
{Heap before GC invocations=2008 (full 1):
 PSYoungGen      total 24576K, used 160K [0x0000000795580000, 0x0000000796f00000, 0x00000007c0000000)
  eden space 23040K, 0% used [0x0000000795580000,0x0000000795580000,0x0000000796c00000)
  from space 1536K, 10% used [0x0000000796c00000,0x0000000796c28000,0x0000000796d80000)
  to   space 1536K, 0% used [0x0000000796d80000,0x0000000796d80000,0x0000000796f00000)
 ParOldGen       total 87552K, used 87452K [0x0000000740000000, 0x0000000745580000, 0x0000000795580000)
  object space 87552K, 99% used [0x0000000740000000,0x0000000745567300,0x0000000745580000)
 Metaspace       used 13127K, capacity 13346K, committed 13568K, reserved 1060864K
  class space    used 1440K, capacity 1518K, committed 1536K, reserved 1048576K
Event: 687.122 GC heap after
Heap after GC invocations=2008 (full 1):
 PSYoungGen      total 24576K, used 0K [0x0000000795580000, 0x0000000796f00000, 0x00000007c0000000)
  eden space 23040K, 0% used [0x0000000795580000,0x0000000795580000,0x0000000796c00000)
  from space 1536K, 0% used [0x0000000796c00000,0x0000000796c00000,0x0000000796d80000)
  to   space 1536K, 0% used [0x0000000796d80000,0x0000000796d80000,0x0000000796f00000)
 ParOldGen       total 40448K, used 7098K [0x0000000740000000, 0x0000000742780000, 0x0000000795580000)
  object space 40448K, 17% used [0x0000000740000000,0x00000007406ee8a0,0x0000000742780000)
 Metaspace       used 13127K, capacity 13346K, committed 13568K, reserved 1060864K
  class space    used 1440K, capacity 1518K, committed 1536K, reserved 1048576K
}

Deoptimization events (10 events):
Event: 228.468 Thread 0x00007fb079a1c000 Uncommon trap: reason=class_check action=maybe_recompile pc=0x0000000109310e0c method=java.util.AbstractCollection.addAll(Ljava/util/Collection;)Z @ 3
Event: 228.474 Thread 0x00007fb079a1c000 Uncommon trap: reason=class_check action=maybe_recompile pc=0x000000010931ebcc method=sun.java2d.opengl.OGLRenderer.validateContext(Lsun/java2d/SunGraphics2D;)V @ 23
Event: 228.477 Thread 0x00007fb07a8e1800 Uncommon trap: reason=unstable_if action=reinterpret pc=0x000000010943fae4 method=java.lang.Math.max(DD)D @ 11
Event: 228.479 Thread 0x00007fb07a8e1800 Uncommon trap: reason=unstable_if action=reinterpret pc=0x0000000109202364 method=java.lang.Math.min(DD)D @ 11
Event: 228.492 Thread 0x00007fb07a8e1800 Uncommon trap: reason=bimorphic action=maybe_recompile pc=0x00000001095a5e94 method=sun.java2d.pipe.BufferedContext.validate(Lsun/java2d/pipe/hw/AccelSurface;Lsun/java2d/pipe/hw/AccelSurface;Lsun/java2d/pipe/Region;Ljava/awt/Composite;Ljava/awt/geom/Affin
Event: 228.561 Thread 0x00007fb07a8e1800 Uncommon trap: reason=bimorphic action=maybe_recompile pc=0x00000001095a5e94 method=sun.java2d.pipe.BufferedContext.validate(Lsun/java2d/pipe/hw/AccelSurface;Lsun/java2d/pipe/hw/AccelSurface;Lsun/java2d/pipe/Region;Ljava/awt/Composite;Ljava/awt/geom/Affin
Event: 279.183 Thread 0x00007fb07b006800 Uncommon trap: reason=unstable_if action=reinterpret pc=0x00000001096a24e0 method=EventSegmentationArchitecture.HLSTM.updateError(D)V @ 10
Event: 480.790 Thread 0x00007fb07a8e1800 Uncommon trap: reason=unstable_if action=reinterpret pc=0x000000010966f50c method=sun.misc.FloatingDecimal$BinaryToASCIIBuffer.estimateDecExp(JI)I @ 117
Event: 487.883 Thread 0x00007fb07b006800 Uncommon trap: reason=unstable_if action=reinterpret pc=0x00000001097201f4 method=EventSegmentationScenario.Arm$1.doTimeStep([D[D)V @ 493
Event: 488.420 Thread 0x00007fb07b006800 Uncommon trap: reason=unstable_if action=reinterpret pc=0x000000010935ae38 method=java.lang.AbstractStringBuilder.append(I)Ljava/lang/AbstractStringBuilder; @ 16

Internal exceptions (10 events):
Event: 0.359 Thread 0x00007fb07b006800 Exception <a 'java/security/PrivilegedActionException'> (0x0000000795b43f68) thrown at [/HUDSON3/workspace/8-2-build-macosx-x86_64/jdk8u73/6086/hotspot/src/share/vm/prims/jvm.cpp, line 1386]
Event: 0.359 Thread 0x00007fb07b006800 Exception <a 'java/security/PrivilegedActionException'> (0x0000000795b44178) thrown at [/HUDSON3/workspace/8-2-build-macosx-x86_64/jdk8u73/6086/hotspot/src/share/vm/prims/jvm.cpp, line 1386]
Event: 0.360 Thread 0x00007fb07b006800 Exception <a 'java/security/PrivilegedActionException'> (0x0000000795b47418) thrown at [/HUDSON3/workspace/8-2-build-macosx-x86_64/jdk8u73/6086/hotspot/src/share/vm/prims/jvm.cpp, line 1386]
Event: 0.360 Thread 0x00007fb07b006800 Exception <a 'java/security/PrivilegedActionException'> (0x0000000795b47628) thrown at [/HUDSON3/workspace/8-2-build-macosx-x86_64/jdk8u73/6086/hotspot/src/share/vm/prims/jvm.cpp, line 1386]
Event: 0.429 Thread 0x00007fb07b006800 Exception <a 'java/lang/NoSuchFieldError': method resolution failed> (0x0000000795c14850) thrown at [/HUDSON3/workspace/8-2-build-macosx-x86_64/jdk8u73/6086/hotspot/src/share/vm/prims/methodHandles.cpp, line 1146]
Event: 0.431 Thread 0x00007fb07b006800 Exception <a 'java/lang/NoSuchFieldError': method resolution failed> (0x0000000795c21fc0) thrown at [/HUDSON3/workspace/8-2-build-macosx-x86_64/jdk8u73/6086/hotspot/src/share/vm/prims/methodHandles.cpp, line 1146]
Event: 0.659 Thread 0x00007fb07b006800 Exception <a 'java/io/FileNotFoundException'> (0x0000000795c9cf68) thrown at [/HUDSON3/workspace/8-2-build-macosx-x86_64/jdk8u73/6086/hotspot/src/share/vm/prims/jni.cpp, line 709]
Event: 0.659 Thread 0x00007fb07b006800 Exception <a 'java/io/FileNotFoundException'> (0x0000000795c9dae8) thrown at [/HUDSON3/workspace/8-2-build-macosx-x86_64/jdk8u73/6086/hotspot/src/share/vm/prims/jni.cpp, line 709]
Event: 2.720 Thread 0x00007fb07984b800 Exception <a 'java/lang/NullPointerException'> (0x00000007956c4a90) thrown at [/HUDSON3/workspace/8-2-build-macosx-x86_64/jdk8u73/6086/hotspot/src/share/vm/interpreter/linkResolver.cpp, line 1178]
Event: 125.028 Thread 0x00007fb079a1c000 Implicit null exception at 0x0000000109320335 to 0x0000000109320b31

Events (10 events):
Event: 685.966 Executing VM operation: ParallelGCFailedAllocation
Event: 685.967 Executing VM operation: ParallelGCFailedAllocation done
Event: 686.331 Executing VM operation: ParallelGCFailedAllocation
Event: 686.332 Executing VM operation: ParallelGCFailedAllocation done
Event: 686.575 Executing VM operation: ParallelGCFailedAllocation
Event: 686.577 Executing VM operation: ParallelGCFailedAllocation done
Event: 686.765 Executing VM operation: ParallelGCFailedAllocation
Event: 686.766 Executing VM operation: ParallelGCFailedAllocation done
Event: 687.090 Executing VM operation: ParallelGCFailedAllocation
Event: 687.122 Executing VM operation: ParallelGCFailedAllocation done


Dynamic libraries:
0x00000000066d7000 	/System/Library/Frameworks/Cocoa.framework/Versions/A/Cocoa
0x00000000066d7000 	/System/Library/Frameworks/Security.framework/Versions/A/Security
0x00000000066d7000 	/System/Library/Frameworks/ApplicationServices.framework/Versions/A/ApplicationServices
0x00000000066d7000 	/usr/lib/libz.1.dylib
0x00000000066d7000 	/usr/lib/libSystem.B.dylib
0x00000000066d7000 	/usr/lib/libobjc.A.dylib
0x00000000066d7000 	/System/Library/Frameworks/CoreFoundation.framework/Versions/A/CoreFoundation
0x00000000066d7000 	/System/Library/Frameworks/Foundation.framework/Versions/C/Foundation
0x00000000066d7000 	/System/Library/Frameworks/AppKit.framework/Versions/C/AppKit
0x00000000066d7000 	/System/Library/Frameworks/CoreData.framework/Versions/A/CoreData
0x00000000066d7000 	/System/Library/PrivateFrameworks/RemoteViewServices.framework/Versions/A/RemoteViewServices
0x00000000066d7000 	/System/Library/PrivateFrameworks/UIFoundation.framework/Versions/A/UIFoundation
0x00000000066d7000 	/usr/lib/libScreenReader.dylib
0x00000000066d7000 	/System/Library/Frameworks/Accelerate.framework/Versions/A/Accelerate
0x00000000066d7000 	/System/Library/Frameworks/IOSurface.framework/Versions/A/IOSurface
0x00000000066d7000 	/System/Library/Frameworks/AudioToolbox.framework/Versions/A/AudioToolbox
0x00000000066d7000 	/System/Library/Frameworks/AudioUnit.framework/Versions/A/AudioUnit
0x00000000066d7000 	/System/Library/PrivateFrameworks/DataDetectorsCore.framework/Versions/A/DataDetectorsCore
0x00000000066d7000 	/System/Library/PrivateFrameworks/DesktopServicesPriv.framework/Versions/A/DesktopServicesPriv
0x00000000066d7000 	/System/Library/Frameworks/Carbon.framework/Versions/A/Frameworks/HIToolbox.framework/Versions/A/HIToolbox
0x00000000066d7000 	/System/Library/Frameworks/QuartzCore.framework/Versions/A/QuartzCore
0x00000000066d7000 	/System/Library/Frameworks/Carbon.framework/Versions/A/Frameworks/SpeechRecognition.framework/Versions/A/SpeechRecognition
0x00000000066d7000 	/usr/lib/libauto.dylib
0x00000000066d7000 	/usr/lib/libicucore.A.dylib
0x00000000066d7000 	/usr/lib/libxml2.2.dylib
0x00000000066d7000 	/System/Library/PrivateFrameworks/CoreUI.framework/Versions/A/CoreUI
0x00000000066d7000 	/System/Library/Frameworks/CoreAudio.framework/Versions/A/CoreAudio
0x00000000066d7000 	/System/Library/Frameworks/DiskArbitration.framework/Versions/A/DiskArbitration
0x00000000066d7000 	/usr/lib/liblangid.dylib
0x00000000066d7000 	/System/Library/PrivateFrameworks/MultitouchSupport.framework/Versions/A/MultitouchSupport
0x00000000066d7000 	/System/Library/Frameworks/IOKit.framework/Versions/A/IOKit
0x00000000066d7000 	/usr/lib/libDiagnosticMessagesClient.dylib
0x00000000066d7000 	/System/Library/Frameworks/CoreServices.framework/Versions/A/CoreServices
0x00000000066d7000 	/System/Library/PrivateFrameworks/PerformanceAnalysis.framework/Versions/A/PerformanceAnalysis
0x00000000066d7000 	/System/Library/PrivateFrameworks/GenerationalStorage.framework/Versions/A/GenerationalStorage
0x00000000066d7000 	/System/Library/Frameworks/OpenGL.framework/Versions/A/OpenGL
0x00000000066d7000 	/System/Library/PrivateFrameworks/Sharing.framework/Versions/A/Sharing
0x00000000066d7000 	/System/Library/Frameworks/CoreGraphics.framework/Versions/A/CoreGraphics
0x00000000066d7000 	/System/Library/Frameworks/CoreImage.framework/Versions/A/CoreImage
0x00000000066d7000 	/System/Library/Frameworks/CoreText.framework/Versions/A/CoreText
0x00000000066d7000 	/System/Library/Frameworks/ImageIO.framework/Versions/A/ImageIO
0x00000000066d7000 	/System/Library/PrivateFrameworks/Backup.framework/Versions/A/Backup
0x00000000066d7000 	/usr/lib/libextension.dylib
0x00000000066d7000 	/usr/lib/libarchive.2.dylib
0x00000000066d7000 	/System/Library/Frameworks/CFNetwork.framework/Versions/A/CFNetwork
0x00000000066d7000 	/System/Library/Frameworks/SystemConfiguration.framework/Versions/A/SystemConfiguration
0x00000000066d7000 	/usr/lib/libCRFSuite.dylib
0x00000000066d7000 	/usr/lib/libc++.1.dylib
0x00000000066d7000 	/usr/lib/libc++abi.dylib
0x00000000066d7000 	/usr/lib/system/libcache.dylib
0x00000000066d7000 	/usr/lib/system/libcommonCrypto.dylib
0x00000000066d7000 	/usr/lib/system/libcompiler_rt.dylib
0x00000000066d7000 	/usr/lib/system/libcopyfile.dylib
0x00000000066d7000 	/usr/lib/system/libcorecrypto.dylib
0x00000000066d7000 	/usr/lib/system/libdispatch.dylib
0x00000000066d7000 	/usr/lib/system/libdyld.dylib
0x00000000066d7000 	/usr/lib/system/libkeymgr.dylib
0x00000000066d7000 	/usr/lib/system/liblaunch.dylib
0x00000000066d7000 	/usr/lib/system/libmacho.dylib
0x00000000066d7000 	/usr/lib/system/libquarantine.dylib
0x00000000066d7000 	/usr/lib/system/libremovefile.dylib
0x00000000066d7000 	/usr/lib/system/libsystem_asl.dylib
0x00000000066d7000 	/usr/lib/system/libsystem_blocks.dylib
0x00000000066d7000 	/usr/lib/system/libsystem_c.dylib
0x00000000066d7000 	/usr/lib/system/libsystem_configuration.dylib
0x00000000066d7000 	/usr/lib/system/libsystem_coreservices.dylib
0x00000000066d7000 	/usr/lib/system/libsystem_coretls.dylib
0x00000000066d7000 	/usr/lib/system/libsystem_dnssd.dylib
0x00000000066d7000 	/usr/lib/system/libsystem_info.dylib
0x00000000066d7000 	/usr/lib/system/libsystem_kernel.dylib
0x00000000066d7000 	/usr/lib/system/libsystem_m.dylib
0x00000000066d7000 	/usr/lib/system/libsystem_malloc.dylib
0x00000000066d7000 	/usr/lib/system/libsystem_network.dylib
0x00000000066d7000 	/usr/lib/system/libsystem_networkextension.dylib
0x00000000066d7000 	/usr/lib/system/libsystem_notify.dylib
0x00000000066d7000 	/usr/lib/system/libsystem_platform.dylib
0x00000000066d7000 	/usr/lib/system/libsystem_pthread.dylib
0x00000000066d7000 	/usr/lib/system/libsystem_sandbox.dylib
0x00000000066d7000 	/usr/lib/system/libsystem_secinit.dylib
0x00000000066d7000 	/usr/lib/system/libsystem_trace.dylib
0x00000000066d7000 	/usr/lib/system/libunc.dylib
0x00000000066d7000 	/usr/lib/system/libunwind.dylib
0x00000000066d7000 	/usr/lib/system/libxpc.dylib
0x00000000066d7000 	/usr/lib/libenergytrace.dylib
0x00000000066d7000 	/usr/lib/libbsm.0.dylib
0x00000000066d7000 	/usr/lib/system/libkxld.dylib
0x00000000066d7000 	/usr/lib/libxar.1.dylib
0x00000000066d7000 	/usr/lib/libsqlite3.dylib
0x00000000066d7000 	/usr/lib/libpam.2.dylib
0x00000000066d7000 	/usr/lib/libOpenScriptingUtil.dylib
0x00000000066d7000 	/usr/lib/libbz2.1.0.dylib
0x00000000066d7000 	/usr/lib/liblzma.5.dylib
0x00000000066d7000 	/System/Library/Frameworks/CoreServices.framework/Versions/A/Frameworks/FSEvents.framework/Versions/A/FSEvents
0x00000000066d7000 	/System/Library/Frameworks/CoreServices.framework/Versions/A/Frameworks/CarbonCore.framework/Versions/A/CarbonCore
0x00000000066d7000 	/System/Library/Frameworks/CoreServices.framework/Versions/A/Frameworks/Metadata.framework/Versions/A/Metadata
0x00000000066d7000 	/System/Library/Frameworks/CoreServices.framework/Versions/A/Frameworks/OSServices.framework/Versions/A/OSServices
0x00000000066d7000 	/System/Library/Frameworks/CoreServices.framework/Versions/A/Frameworks/SearchKit.framework/Versions/A/SearchKit
0x00000000066d7000 	/System/Library/Frameworks/CoreServices.framework/Versions/A/Frameworks/AE.framework/Versions/A/AE
0x00000000066d7000 	/System/Library/Frameworks/CoreServices.framework/Versions/A/Frameworks/LaunchServices.framework/Versions/A/LaunchServices
0x00000000066d7000 	/System/Library/Frameworks/CoreServices.framework/Versions/A/Frameworks/DictionaryServices.framework/Versions/A/DictionaryServices
0x00000000066d7000 	/System/Library/Frameworks/CoreServices.framework/Versions/A/Frameworks/SharedFileList.framework/Versions/A/SharedFileList
0x00000000066d7000 	/System/Library/Frameworks/NetFS.framework/Versions/A/NetFS
0x00000000066d7000 	/System/Library/PrivateFrameworks/NetAuth.framework/Versions/A/NetAuth
0x00000000066d7000 	/System/Library/PrivateFrameworks/login.framework/Versions/A/Frameworks/loginsupport.framework/Versions/A/loginsupport
0x00000000066d7000 	/System/Library/PrivateFrameworks/TCC.framework/Versions/A/TCC
0x00000000066d7000 	/usr/lib/libmecabra.dylib
0x00000000066d7000 	/System/Library/Frameworks/ApplicationServices.framework/Versions/A/Frameworks/ATS.framework/Versions/A/ATS
0x00000000066d7000 	/System/Library/Frameworks/ApplicationServices.framework/Versions/A/Frameworks/ColorSync.framework/Versions/A/ColorSync
0x00000000066d7000 	/System/Library/Frameworks/ApplicationServices.framework/Versions/A/Frameworks/HIServices.framework/Versions/A/HIServices
0x00000000066d7000 	/System/Library/Frameworks/ApplicationServices.framework/Versions/A/Frameworks/LangAnalysis.framework/Versions/A/LangAnalysis
0x00000000066d7000 	/System/Library/Frameworks/ApplicationServices.framework/Versions/A/Frameworks/PrintCore.framework/Versions/A/PrintCore
0x00000000066d7000 	/System/Library/Frameworks/ApplicationServices.framework/Versions/A/Frameworks/QD.framework/Versions/A/QD
0x00000000066d7000 	/System/Library/Frameworks/ApplicationServices.framework/Versions/A/Frameworks/SpeechSynthesis.framework/Versions/A/SpeechSynthesis
0x00000000066d7000 	/System/Library/Frameworks/Metal.framework/Versions/A/Metal
0x00000000066d7000 	/System/Library/Frameworks/Accelerate.framework/Versions/A/Frameworks/vImage.framework/Versions/A/vImage
0x00000000066d7000 	/System/Library/Frameworks/Accelerate.framework/Versions/A/Frameworks/vecLib.framework/Versions/A/vecLib
0x00000000066d7000 	/System/Library/Frameworks/Accelerate.framework/Versions/A/Frameworks/vecLib.framework/Versions/A/libvDSP.dylib
0x00000000066d7000 	/System/Library/Frameworks/Accelerate.framework/Versions/A/Frameworks/vecLib.framework/Versions/A/libvMisc.dylib
0x00000000066d7000 	/System/Library/Frameworks/Accelerate.framework/Versions/A/Frameworks/vecLib.framework/Versions/A/libLAPACK.dylib
0x00000000066d7000 	/System/Library/Frameworks/Accelerate.framework/Versions/A/Frameworks/vecLib.framework/Versions/A/libBLAS.dylib
0x00000000066d7000 	/System/Library/Frameworks/Accelerate.framework/Versions/A/Frameworks/vecLib.framework/Versions/A/libLinearAlgebra.dylib
0x00000000066d7000 	/System/Library/Frameworks/Accelerate.framework/Versions/A/Frameworks/vecLib.framework/Versions/A/libSparseBLAS.dylib
0x00000000066d7000 	/System/Library/PrivateFrameworks/GPUCompiler.framework/libmetal_timestamp.dylib
0x00000000066d7000 	/System/Library/Frameworks/OpenGL.framework/Versions/A/Libraries/libCoreFSCache.dylib
0x00000000066d7000 	/System/Library/PrivateFrameworks/IOAccelerator.framework/Versions/A/IOAccelerator
0x00000000066d7000 	/System/Library/Frameworks/ApplicationServices.framework/Versions/A/Frameworks/ATS.framework/Versions/A/Resources/libFontParser.dylib
0x00000000066d7000 	/System/Library/Frameworks/ApplicationServices.framework/Versions/A/Frameworks/ATS.framework/Versions/A/Resources/libFontRegistry.dylib
0x00000000066d7000 	/System/Library/PrivateFrameworks/AppleVPA.framework/Versions/A/AppleVPA
0x00000000066d7000 	/System/Library/PrivateFrameworks/AppleJPEG.framework/Versions/A/AppleJPEG
0x00000000066d7000 	/System/Library/Frameworks/ImageIO.framework/Versions/A/Resources/libJPEG.dylib
0x00000000066d7000 	/System/Library/Frameworks/ImageIO.framework/Versions/A/Resources/libTIFF.dylib
0x00000000066d7000 	/System/Library/Frameworks/ImageIO.framework/Versions/A/Resources/libPng.dylib
0x00000000066d7000 	/System/Library/Frameworks/ImageIO.framework/Versions/A/Resources/libGIF.dylib
0x00000000066d7000 	/System/Library/Frameworks/ImageIO.framework/Versions/A/Resources/libJP2.dylib
0x00000000066d7000 	/System/Library/Frameworks/ImageIO.framework/Versions/A/Resources/libRadiance.dylib
0x00000000066d7000 	/System/Library/Frameworks/CoreVideo.framework/Versions/A/CoreVideo
0x00000000066d7000 	/System/Library/Frameworks/OpenGL.framework/Versions/A/Libraries/libGLU.dylib
0x00000000066d7000 	/System/Library/Frameworks/OpenGL.framework/Versions/A/Libraries/libGFXShared.dylib
0x00000000066d7000 	/System/Library/Frameworks/OpenGL.framework/Versions/A/Libraries/libGL.dylib
0x00000000066d7000 	/System/Library/Frameworks/OpenGL.framework/Versions/A/Libraries/libGLImage.dylib
0x00000000066d7000 	/System/Library/Frameworks/OpenGL.framework/Versions/A/Libraries/libCVMSPluginSupport.dylib
0x00000000066d7000 	/System/Library/Frameworks/OpenGL.framework/Versions/A/Libraries/libCoreVMClient.dylib
0x00000000066d7000 	/usr/lib/libcups.2.dylib
0x00000000066d7000 	/System/Library/Frameworks/Kerberos.framework/Versions/A/Kerberos
0x00000000066d7000 	/System/Library/Frameworks/GSS.framework/Versions/A/GSS
0x00000000066d7000 	/usr/lib/libresolv.9.dylib
0x00000000066d7000 	/usr/lib/libiconv.2.dylib
0x00000000066d7000 	/System/Library/PrivateFrameworks/Heimdal.framework/Versions/A/Heimdal
0x00000000066d7000 	/usr/lib/libheimdal-asn1.dylib
0x00000000066d7000 	/System/Library/Frameworks/OpenDirectory.framework/Versions/A/OpenDirectory
0x00000000066d7000 	/System/Library/PrivateFrameworks/CommonAuth.framework/Versions/A/CommonAuth
0x00000000066d7000 	/System/Library/Frameworks/OpenDirectory.framework/Versions/A/Frameworks/CFOpenDirectory.framework/Versions/A/CFOpenDirectory
0x00000000066d7000 	/System/Library/Frameworks/SecurityFoundation.framework/Versions/A/SecurityFoundation
0x00000000066d7000 	/System/Library/PrivateFrameworks/LanguageModeling.framework/Versions/A/LanguageModeling
0x00000000066d7000 	/usr/lib/libmarisa.dylib
0x00000000066d7000 	/usr/lib/libChineseTokenizer.dylib
0x00000000066d7000 	/usr/lib/libcmph.dylib
0x00000000066d7000 	/usr/lib/libcompression.dylib
0x00000000066d7000 	/System/Library/Frameworks/ServiceManagement.framework/Versions/A/ServiceManagement
0x00000000066d7000 	/usr/lib/libxslt.1.dylib
0x00000000066d7000 	/System/Library/Frameworks/Carbon.framework/Versions/A/Frameworks/Ink.framework/Versions/A/Ink
0x00000000066d7000 	/usr/lib/libFosl_dynamic.dylib
0x00000000066d7000 	/System/Library/PrivateFrameworks/FaceCore.framework/Versions/A/FaceCore
0x00000000066d7000 	/System/Library/Frameworks/OpenCL.framework/Versions/A/OpenCL
0x00000000066d7000 	/System/Library/PrivateFrameworks/CrashReporterSupport.framework/Versions/A/CrashReporterSupport
0x00000000066d7000 	/System/Library/PrivateFrameworks/IconServices.framework/Versions/A/IconServices
0x00000000066d7000 	/System/Library/PrivateFrameworks/Apple80211.framework/Versions/A/Apple80211
0x00000000066d7000 	/System/Library/Frameworks/CoreWLAN.framework/Versions/A/CoreWLAN
0x00000000066d7000 	/System/Library/Frameworks/IOBluetooth.framework/Versions/A/IOBluetooth
0x00000000066d7000 	/System/Library/PrivateFrameworks/CoreWiFi.framework/Versions/A/CoreWiFi
0x00000000066d7000 	/System/Library/Frameworks/CoreBluetooth.framework/Versions/A/CoreBluetooth
0x00000000066d7000 	/System/Library/PrivateFrameworks/ChunkingLibrary.framework/Versions/A/ChunkingLibrary
0x00000000066d7000 	/System/Library/PrivateFrameworks/DebugSymbols.framework/Versions/A/DebugSymbols
0x00000000066d7000 	/System/Library/PrivateFrameworks/CoreSymbolication.framework/Versions/A/CoreSymbolication
0x00000000066d7000 	/System/Library/PrivateFrameworks/Symbolication.framework/Versions/A/Symbolication
0x00000000066d7000 	/System/Library/PrivateFrameworks/SpeechRecognitionCore.framework/Versions/A/SpeechRecognitionCore
0x0000000108000000 	/Library/Java/JavaVirtualMachines/jdk1.8.0_73.jdk/Contents/Home/jre/lib/server/libjvm.dylib
0x00000000066d7000 	/usr/lib/libstdc++.6.dylib
0x00000001076ed000 	/Library/Java/JavaVirtualMachines/jdk1.8.0_73.jdk/Contents/Home/jre/lib/libverify.dylib
0x00000001076fb000 	/Library/Java/JavaVirtualMachines/jdk1.8.0_73.jdk/Contents/Home/jre/lib/libjava.dylib
0x000000010773a000 	/Library/Java/JavaVirtualMachines/jdk1.8.0_73.jdk/Contents/Home/jre/lib/libzip.dylib
0x000000011e844000 	/System/Library/Frameworks/JavaVM.framework/Frameworks/JavaRuntimeSupport.framework/JavaRuntimeSupport
0x000000011e85f000 	/System/Library/Frameworks/JavaVM.framework/Versions/A/Frameworks/JavaNativeFoundation.framework/Versions/A/JavaNativeFoundation
0x00000001077ef000 	/System/Library/Frameworks/JavaVM.framework/Versions/A/JavaVM
0x00000000066d7000 	/System/Library/Frameworks/Carbon.framework/Versions/A/Carbon
0x000000011e874000 	/System/Library/PrivateFrameworks/JavaLaunching.framework/Versions/A/JavaLaunching
0x00000000066d7000 	/System/Library/Frameworks/Carbon.framework/Versions/A/Frameworks/CommonPanels.framework/Versions/A/CommonPanels
0x00000000066d7000 	/System/Library/Frameworks/Carbon.framework/Versions/A/Frameworks/Help.framework/Versions/A/Help
0x00000000066d7000 	/System/Library/Frameworks/Carbon.framework/Versions/A/Frameworks/ImageCapture.framework/Versions/A/ImageCapture
0x00000000066d7000 	/System/Library/Frameworks/Carbon.framework/Versions/A/Frameworks/OpenScripting.framework/Versions/A/OpenScripting
0x00000000066d7000 	/System/Library/Frameworks/Carbon.framework/Versions/A/Frameworks/Print.framework/Versions/A/Print
0x00000000066d7000 	/System/Library/Frameworks/Carbon.framework/Versions/A/Frameworks/SecurityHI.framework/Versions/A/SecurityHI
0x00000001201e0000 	/Library/Java/JavaVirtualMachines/jdk1.8.0_73.jdk/Contents/Home/jre/lib/libawt.dylib
0x0000000120288000 	/Library/Java/JavaVirtualMachines/jdk1.8.0_73.jdk/Contents/Home/jre/lib/./libmlib_image.dylib
0x0000000120354000 	/Library/Java/JavaVirtualMachines/jdk1.8.0_73.jdk/Contents/Home/jre/lib/libawt_lwawt.dylib
0x0000000120409000 	/Library/Java/JavaVirtualMachines/jdk1.8.0_73.jdk/Contents/Home/jre/lib/./libosxapp.dylib
0x00000000066d7000 	/System/Library/Frameworks/ExceptionHandling.framework/Versions/A/ExceptionHandling
0x00000000066d7000 	/System/Library/PrivateFrameworks/CoreServicesInternal.framework/Versions/A/CoreServicesInternal
0x00000000066d7000 	/System/Library/Frameworks/CoreGraphics.framework/Versions/A/Resources/libRIP.A.dylib
0x00000000066d7000 	/System/Library/Frameworks/Accelerate.framework/Versions/A/Frameworks/vImage.framework/Versions/A/Libraries/libCGInterfaces.dylib
0x00000000066d7000 	/System/Library/Frameworks/CoreGraphics.framework/Versions/A/Resources/libCGXType.A.dylib
0x00000000066d7000 	/System/Library/Frameworks/OpenCL.framework/Versions/A/Libraries/libcldcpuengine.dylib
0x00000000066d7000 	/System/Library/PrivateFrameworks/DiskImages.framework/Versions/A/DiskImages
0x00000000066d7000 	/System/Library/Frameworks/DiscRecording.framework/Versions/A/DiscRecording
0x00000000066d7000 	/usr/lib/libcsfde.dylib
0x00000000066d7000 	/usr/lib/libcurl.4.dylib
0x00000000066d7000 	/System/Library/PrivateFrameworks/MediaKit.framework/Versions/A/MediaKit
0x00000000066d7000 	/System/Library/PrivateFrameworks/ProtectedCloudStorage.framework/Versions/A/ProtectedCloudStorage
0x00000000066d7000 	/usr/lib/libCoreStorage.dylib
0x00000000066d7000 	/System/Library/PrivateFrameworks/EFILogin.framework/Versions/A/EFILogin
0x00000000066d7000 	/usr/lib/libutil.dylib
0x00000000066d7000 	/System/Library/PrivateFrameworks/FindMyDevice.framework/Versions/A/FindMyDevice
0x00000000066d7000 	/System/Library/Frameworks/LDAP.framework/Versions/A/LDAP
0x00000000066d7000 	/usr/lib/libsasl2.2.dylib
0x00000000066d7000 	/System/Library/PrivateFrameworks/CoreDaemon.framework/Versions/B/CoreDaemon
0x00000000066d7000 	/usr/lib/libcrypto.0.9.8.dylib
0x00000000066d7000 	/System/Library/PrivateFrameworks/AppleSRP.framework/Versions/A/AppleSRP
0x00000000066d7000 	/System/Library/PrivateFrameworks/TrustEvaluationAgent.framework/Versions/A/TrustEvaluationAgent
0x0000000122061000 	cl_kernels
0x00000000066d7000 	/System/Library/Frameworks/OpenCL.framework/Versions/A/Libraries/ImageFormats/unorm8_bgra.dylib
0x00000000066d7000 	/System/Library/Frameworks/OpenCL.framework/Versions/A/Libraries/ImageFormats/unorm8_rgba.dylib
0x00000000066d7000 	/System/Library/PrivateFrameworks/FamilyControls.framework/Versions/A/FamilyControls
0x00000000066d7000 	/System/Library/PrivateFrameworks/CommerceKit.framework/Versions/A/Frameworks/CommerceCore.framework/Versions/A/CommerceCore
0x00000000066d7000 	/System/Library/PrivateFrameworks/SystemAdministration.framework/Versions/A/SystemAdministration
0x00000000066d7000 	/System/Library/PrivateFrameworks/AppContainer.framework/Versions/A/AppContainer
0x00000000066d7000 	/System/Library/PrivateFrameworks/SecCodeWrapper.framework/Versions/A/SecCodeWrapper
0x00000000066d7000 	/System/Library/Frameworks/DirectoryService.framework/Versions/A/DirectoryService
0x00000000066d7000 	/System/Library/PrivateFrameworks/LoginUIKit.framework/Versions/A/Frameworks/LoginUICore.framework/Versions/A/LoginUICore
0x00000000066d7000 	/usr/lib/libodfde.dylib
0x00000000066d7000 	/System/Library/Frameworks/OpenGL.framework/Versions/A/Resources/GLEngine.bundle/GLEngine
0x00000000066d7000 	/System/Library/Frameworks/OpenGL.framework/Versions/A/Libraries/libGLProgrammability.dylib
0x00000001231f6000 	/System/Library/Extensions/AppleIntelHD5000GraphicsGLDriver.bundle/Contents/MacOS/AppleIntelHD5000GraphicsGLDriver
0x00000000066d7000 	/System/Library/PrivateFrameworks/GPUSupport.framework/Versions/A/Libraries/libGPUSupportMercury.dylib
0x00000000066d7000 	/System/Library/Frameworks/OpenGL.framework/Versions/A/Resources/GLRendererFloat.bundle/GLRendererFloat
0x0000000124640000 	/Library/Java/JavaVirtualMachines/jdk1.8.0_73.jdk/Contents/Home/jre/lib/libfontmanager.dylib
0x00000001246a7000 	/Library/Java/JavaVirtualMachines/jdk1.8.0_73.jdk/Contents/Home/jre/lib/libosxui.dylib
0x000000012873b000 	/System/Library/Extensions/AppleIntelHD5000GraphicsMTLDriver.bundle/Contents/MacOS/AppleIntelHD5000GraphicsMTLDriver
0x000000012a0bb000 	/Library/Java/JavaVirtualMachines/jdk1.8.0_73.jdk/Contents/Home/jre/lib/libnet.dylib
0x0000000129ecf000 	/Library/Java/JavaVirtualMachines/jdk1.8.0_73.jdk/Contents/Home/jre/lib/libnio.dylib
0x00000000066d7000 	/System/Library/Frameworks/ApplicationServices.framework/Versions/A/Frameworks/ATS.framework/Versions/A/Resources/libTrueTypeScaler.dylib

VM Arguments:
jvm_args: -Dfile.encoding=UTF-8 
java_command: EventSegmentationScenario.Arm
java_class_path (initial): /Users/pohsuanhuang/Desktop/Curriculum Section/2016SS/Butz Lab/Java Code/Update of DiskWorldEAR/bin:/Users/pohsuanhuang/Desktop/Curriculum Section/2016SS/Butz Lab/Java Code/Update of DiskWorldEAR/lib/ant_latex_0.0.9_1.jar:/Users/pohsuanhuang/Desktop/Curriculum Section/2016SS/Butz Lab/Java Code/Update of DiskWorldEAR/lib/QuickTimeDemo2.jar:/Users/pohsuanhuang/Desktop/Curriculum Section/2016SS/Butz Lab/Java Code/Update of DiskWorldEAR/lib:/Users/pohsuanhuang/Desktop/Curriculum Section/2016SS/Butz Lab/Java Code/Update of DiskWorldEAR/lib/jannlab-wip-20160216.jar
Launcher Type: SUN_STANDARD

Environment Variables:
PATH=/usr/bin:/bin:/usr/sbin:/sbin
SHELL=/bin/bash
DISPLAY=/private/tmp/com.apple.launchd.NMLXbtCoIT/org.macosforge.xquartz:0

Signal Handlers:
SIGSEGV: [libjvm.dylib+0x5a71a5], sa_mask[0]=11111111011111110111111111111111, sa_flags=SA_ONSTACK|SA_RESTART|SA_SIGINFO
SIGBUS: [libjvm.dylib+0x5a71a5], sa_mask[0]=11111111011111110111111111111111, sa_flags=SA_RESTART|SA_SIGINFO
SIGFPE: [libjvm.dylib+0x480eb4], sa_mask[0]=11111111011111110111111111111111, sa_flags=SA_RESTART|SA_SIGINFO
SIGPIPE: [libjvm.dylib+0x480eb4], sa_mask[0]=11111111011111110111111111111111, sa_flags=SA_RESTART|SA_SIGINFO
SIGXFSZ: [libjvm.dylib+0x480eb4], sa_mask[0]=11111111011111110111111111111111, sa_flags=SA_RESTART|SA_SIGINFO
SIGILL: [libjvm.dylib+0x480eb4], sa_mask[0]=11111111011111110111111111111111, sa_flags=SA_RESTART|SA_SIGINFO
SIGUSR1: SIG_DFL, sa_mask[0]=00000000000000000000000000000000, sa_flags=none
SIGUSR2: [libjvm.dylib+0x4809d2], sa_mask[0]=00100000000000000000000000000000, sa_flags=SA_RESTART|SA_SIGINFO
SIGHUP: [libjvm.dylib+0x47efa9], sa_mask[0]=11111111011111110111111111111111, sa_flags=SA_RESTART|SA_SIGINFO
SIGINT: [libjvm.dylib+0x47efa9], sa_mask[0]=11111111011111110111111111111111, sa_flags=SA_RESTART|SA_SIGINFO
SIGTERM: [libjvm.dylib+0x47efa9], sa_mask[0]=11111111011111110111111111111111, sa_flags=SA_RESTART|SA_SIGINFO
SIGQUIT: [libjvm.dylib+0x47efa9], sa_mask[0]=11111111011111110111111111111111, sa_flags=SA_RESTART|SA_SIGINFO


---------------  S Y S T E M  ---------------

OS:Bsduname:Darwin 15.3.0 Darwin Kernel Version 15.3.0: Thu Dec 10 18:40:58 PST 2015; root:xnu-3248.30.4~1/RELEASE_X86_64 x86_64
rlimit: STACK 8192k, CORE 0k, NPROC 709, NOFILE 10240, AS infinity
load average:2.45 2.58 2.54

CPU:total 4 (2 cores per cpu, 2 threads per core) family 6 model 69 stepping 1, cmov, cx8, fxsr, mmx, sse, sse2, sse3, ssse3, sse4.1, sse4.2, popcnt, avx, avx2, aes, clmul, erms, lzcnt, ht, tsc, tscinvbit, bmi1, bmi2

Memory: 4k page, physical 8388608k(37948k free)

/proc/meminfo:


vm_info: Java HotSpot(TM) 64-Bit Server VM (25.73-b02) for bsd-amd64 JRE (1.8.0_73-b02), built on Jan 29 2016 15:02:00 by "java_re" with gcc 4.2.1 (Based on Apple Inc. build 5658) (LLVM build 2336.11.00)

time: Fri May 13 14:41:06 2016
elapsed time: 687 seconds (0d 0h 11m 27s)

